
                            < M A T L A B (R) >
                  Copyright 1984-2015 The MathWorks, Inc.
                   R2015a (8.5.0.197613) 64-bit (glnxa64)
                             February 12, 2015

 
To get started, type one of these: helpwin, helpdesk, or demo.
For product information, visit www.mathworks.com.
 

	Academic License

Starting parallel pool (parpool) using the 'local' profile ... connected to 6 workers.

ans = 

 Pool with properties: 

            Connected: true
           NumWorkers: 6
              Cluster: local
        AttachedFiles: {}
          IdleTimeout: 30 minute(s) (30 minutes remaining)
          SpmdEnabled: true


ans =

/home/sk574/ShinCode/acqsToProcess


acqFileList = 

       name: 'LT001_160825_FOV1_001.mat'
       date: '01-Sep-2016 15:24:01'
      bytes: 2319
      isdir: 0
    datenum: 7.3657e+05

160901 15:25:45	clarinet001-157	LT001_160825_FOV1_001	Loaded acq2p for processing and moved file to "inProgress" folder: /home/sk574/ShinCode/acqsToProcess/LT001_160825_FOV1_001.mat
160901 15:25:45	clarinet001-157	LT001_160825_FOV1_001	Started motion correction.

Motion-correction function: withinFile_fullFrame_fft

Loading Movie #090 of #180
200 frames of 1000 loaded.
400 frames of 1000 loaded.
600 frames of 1000 loaded.
800 frames of 1000 loaded.
1000 frames of 1000 loaded.
Line Shift Correcting Movie #090 of #180
Identifying Motion Correction for Movie #090 of #180
Applying Motion Correction for Movie #090 of #180
Writing Movie #090 of #180
200 frames written.
Writing Movie #090 of #180
200 frames written.
Writing Movie #090 of #180
200 frames written.

Loading Movie #002 of #180
200 frames of 1000 loaded.
400 frames of 1000 loaded.
600 frames of 1000 loaded.
800 frames of 1000 loaded.
1000 frames of 1000 loaded.
Line Shift Correcting Movie #002 of #180
Identifying Motion Correction for Movie #002 of #180
Applying Motion Correction for Movie #002 of #180
Writing Movie #002 of #180
200 frames written.
Writing Movie #002 of #180
200 frames written.
Writing Movie #002 of #180
200 frames written.

Loading Movie #003 of #180
200 frames of 1000 loaded.
400 frames of 1000 loaded.
600 frames of 1000 loaded.
800 frames of 1000 loaded.
1000 frames of 1000 loaded.
Line Shift Correcting Movie #003 of #180
Identifying Motion Correction for Movie #003 of #180
Applying Motion Correction for Movie #003 of #180
Writing Movie #003 of #180
200 frames written.
Writing Movie #003 of #180
200 frames written.
Writing Movie #003 of #180
200 frames written.

Loading Movie #004 of #180
200 frames of 1000 loaded.
400 frames of 1000 loaded.
600 frames of 1000 loaded.
800 frames of 1000 loaded.
1000 frames of 1000 loaded.
Line Shift Correcting Movie #004 of #180
Identifying Motion Correction for Movie #004 of #180
Applying Motion Correction for Movie #004 of #180
Writing Movie #004 of #180
200 frames written.
Writing Movie #004 of #180
200 frames written.
Writing Movie #004 of #180
200 frames written.

Loading Movie #005 of #180
200 frames of 1000 loaded.
400 frames of 1000 loaded.
600 frames of 1000 loaded.
800 frames of 1000 loaded.
1000 frames of 1000 loaded.
Line Shift Correcting Movie #005 of #180
Identifying Motion Correction for Movie #005 of #180
Applying Motion Correction for Movie #005 of #180
Writing Movie #005 of #180
200 frames written.
Writing Movie #005 of #180
200 frames written.
Writing Movie #005 of #180
200 frames written.

Loading Movie #006 of #180
200 frames of 1000 loaded.
400 frames of 1000 loaded.
600 frames of 1000 loaded.
800 frames of 1000 loaded.
1000 frames of 1000 loaded.
Line Shift Correcting Movie #006 of #180
Identifying Motion Correction for Movie #006 of #180
Applying Motion Correction for Movie #006 of #180
Writing Movie #006 of #180
200 frames written.
Writing Movie #006 of #180
200 frames written.
Writing Movie #006 of #180
200 frames written.

Loading Movie #007 of #180
200 frames of 1000 loaded.
400 frames of 1000 loaded.
600 frames of 1000 loaded.
800 frames of 1000 loaded.
1000 frames of 1000 loaded.
Line Shift Correcting Movie #007 of #180
Identifying Motion Correction for Movie #007 of #180
Applying Motion Correction for Movie #007 of #180
Writing Movie #007 of #180
200 frames written.
Writing Movie #007 of #180
200 frames written.
Writing Movie #007 of #180
200 frames written.

Loading Movie #008 of #180
200 frames of 1000 loaded.
400 frames of 1000 loaded.
600 frames of 1000 loaded.
800 frames of 1000 loaded.
1000 frames of 1000 loaded.
Line Shift Correcting Movie #008 of #180
Identifying Motion Correction for Movie #008 of #180
Applying Motion Correction for Movie #008 of #180
Writing Movie #008 of #180
200 frames written.
Writing Movie #008 of #180
200 frames written.
Writing Movie #008 of #180
200 frames written.

Loading Movie #009 of #180
200 frames of 1000 loaded.
400 frames of 1000 loaded.
600 frames of 1000 loaded.
800 frames of 1000 loaded.
1000 frames of 1000 loaded.
Line Shift Correcting Movie #009 of #180
Identifying Motion Correction for Movie #009 of #180
Applying Motion Correction for Movie #009 of #180
Writing Movie #009 of #180
200 frames written.
Writing Movie #009 of #180
200 frames written.
Writing Movie #009 of #180
200 frames written.

Loading Movie #010 of #180
200 frames of 1000 loaded.
400 frames of 1000 loaded.
600 frames of 1000 loaded.
800 frames of 1000 loaded.
1000 frames of 1000 loaded.
Line Shift Correcting Movie #010 of #180
Identifying Motion Correction for Movie #010 of #180
Applying Motion Correction for Movie #010 of #180
Writing Movie #010 of #180
200 frames written.
Writing Movie #010 of #180
200 frames written.
Writing Movie #010 of #180
200 frames written.

Loading Movie #011 of #180
200 frames of 1000 loaded.
400 frames of 1000 loaded.
600 frames of 1000 loaded.
800 frames of 1000 loaded.
1000 frames of 1000 loaded.
Line Shift Correcting Movie #011 of #180
Identifying Motion Correction for Movie #011 of #180
Applying Motion Correction for Movie #011 of #180
Writing Movie #011 of #180
200 frames written.
Writing Movie #011 of #180
200 frames written.
Writing Movie #011 of #180
200 frames written.

Loading Movie #012 of #180
200 frames of 1000 loaded.
400 frames of 1000 loaded.
600 frames of 1000 loaded.
800 frames of 1000 loaded.
1000 frames of 1000 loaded.
Line Shift Correcting Movie #012 of #180
Identifying Motion Correction for Movie #012 of #180
Applying Motion Correction for Movie #012 of #180
Writing Movie #012 of #180
200 frames written.
Writing Movie #012 of #180
200 frames written.
Writing Movie #012 of #180
200 frames written.

Loading Movie #013 of #180
200 frames of 1000 loaded.
400 frames of 1000 loaded.
600 frames of 1000 loaded.
800 frames of 1000 loaded.
1000 frames of 1000 loaded.
Line Shift Correcting Movie #013 of #180
Identifying Motion Correction for Movie #013 of #180
Applying Motion Correction for Movie #013 of #180
Writing Movie #013 of #180
200 frames written.
Writing Movie #013 of #180
200 frames written.
Writing Movie #013 of #180
200 frames written.

Loading Movie #014 of #180
200 frames of 1000 loaded.
400 frames of 1000 loaded.
600 frames of 1000 loaded.
800 frames of 1000 loaded.
1000 frames of 1000 loaded.
Line Shift Correcting Movie #014 of #180
Identifying Motion Correction for Movie #014 of #180
Applying Motion Correction for Movie #014 of #180
Writing Movie #014 of #180
200 frames written.
Writing Movie #014 of #180
200 frames written.
Writing Movie #014 of #180
200 frames written.

Loading Movie #015 of #180
200 frames of 1000 loaded.
400 frames of 1000 loaded.
600 frames of 1000 loaded.
800 frames of 1000 loaded.
1000 frames of 1000 loaded.
Line Shift Correcting Movie #015 of #180
Identifying Motion Correction for Movie #015 of #180
Applying Motion Correction for Movie #015 of #180
Writing Movie #015 of #180
200 frames written.
Writing Movie #015 of #180
200 frames written.
Writing Movie #015 of #180
200 frames written.

Loading Movie #016 of #180
200 frames of 1000 loaded.
400 frames of 1000 loaded.
600 frames of 1000 loaded.
800 frames of 1000 loaded.
1000 frames of 1000 loaded.
Line Shift Correcting Movie #016 of #180
Identifying Motion Correction for Movie #016 of #180
Applying Motion Correction for Movie #016 of #180
Writing Movie #016 of #180
200 frames written.
Writing Movie #016 of #180
200 frames written.
Writing Movie #016 of #180
200 frames written.

Loading Movie #017 of #180
200 frames of 1000 loaded.
400 frames of 1000 loaded.
600 frames of 1000 loaded.
800 frames of 1000 loaded.
1000 frames of 1000 loaded.
Line Shift Correcting Movie #017 of #180
Identifying Motion Correction for Movie #017 of #180
Applying Motion Correction for Movie #017 of #180
Writing Movie #017 of #180
200 frames written.
Writing Movie #017 of #180
200 frames written.
Writing Movie #017 of #180
200 frames written.

Loading Movie #018 of #180
200 frames of 1000 loaded.
400 frames of 1000 loaded.
600 frames of 1000 loaded.
800 frames of 1000 loaded.
1000 frames of 1000 loaded.
Line Shift Correcting Movie #018 of #180
Identifying Motion Correction for Movie #018 of #180
Applying Motion Correction for Movie #018 of #180
Writing Movie #018 of #180
200 frames written.
Writing Movie #018 of #180
200 frames written.
Writing Movie #018 of #180
200 frames written.

Loading Movie #019 of #180
200 frames of 1000 loaded.
400 frames of 1000 loaded.
600 frames of 1000 loaded.
800 frames of 1000 loaded.
1000 frames of 1000 loaded.
Line Shift Correcting Movie #019 of #180
Identifying Motion Correction for Movie #019 of #180
Applying Motion Correction for Movie #019 of #180
Writing Movie #019 of #180
200 frames written.
Writing Movie #019 of #180
200 frames written.
Writing Movie #019 of #180
200 frames written.

Loading Movie #020 of #180
200 frames of 1000 loaded.
400 frames of 1000 loaded.
600 frames of 1000 loaded.
800 frames of 1000 loaded.
1000 frames of 1000 loaded.
Line Shift Correcting Movie #020 of #180
Identifying Motion Correction for Movie #020 of #180
Applying Motion Correction for Movie #020 of #180
Writing Movie #020 of #180
200 frames written.
Writing Movie #020 of #180
200 frames written.
Writing Movie #020 of #180
200 frames written.

Loading Movie #021 of #180
200 frames of 1000 loaded.
400 frames of 1000 loaded.
600 frames of 1000 loaded.
800 frames of 1000 loaded.
1000 frames of 1000 loaded.
Line Shift Correcting Movie #021 of #180
Identifying Motion Correction for Movie #021 of #180
Applying Motion Correction for Movie #021 of #180
Writing Movie #021 of #180
200 frames written.
Writing Movie #021 of #180
200 frames written.
Writing Movie #021 of #180
200 frames written.

Loading Movie #022 of #180
200 frames of 1000 loaded.
400 frames of 1000 loaded.
600 frames of 1000 loaded.
800 frames of 1000 loaded.
1000 frames of 1000 loaded.
Line Shift Correcting Movie #022 of #180
Identifying Motion Correction for Movie #022 of #180
Applying Motion Correction for Movie #022 of #180
Writing Movie #022 of #180
200 frames written.
Writing Movie #022 of #180
200 frames written.
Writing Movie #022 of #180
200 frames written.

Loading Movie #023 of #180
200 frames of 1000 loaded.
400 frames of 1000 loaded.
600 frames of 1000 loaded.
800 frames of 1000 loaded.
1000 frames of 1000 loaded.
Line Shift Correcting Movie #023 of #180
Identifying Motion Correction for Movie #023 of #180
Applying Motion Correction for Movie #023 of #180
Writing Movie #023 of #180
200 frames written.
Writing Movie #023 of #180
200 frames written.
Writing Movie #023 of #180
200 frames written.

Loading Movie #024 of #180
200 frames of 1000 loaded.
400 frames of 1000 loaded.
600 frames of 1000 loaded.
800 frames of 1000 loaded.
1000 frames of 1000 loaded.
Line Shift Correcting Movie #024 of #180
Identifying Motion Correction for Movie #024 of #180
Applying Motion Correction for Movie #024 of #180
Writing Movie #024 of #180
200 frames written.
Writing Movie #024 of #180
200 frames written.
Writing Movie #024 of #180
200 frames written.

Loading Movie #025 of #180
200 frames of 1000 loaded.
400 frames of 1000 loaded.
600 frames of 1000 loaded.
800 frames of 1000 loaded.
1000 frames of 1000 loaded.
Line Shift Correcting Movie #025 of #180
Identifying Motion Correction for Movie #025 of #180
Applying Motion Correction for Movie #025 of #180
Writing Movie #025 of #180
200 frames written.
Writing Movie #025 of #180
200 frames written.
Writing Movie #025 of #180
200 frames written.

Loading Movie #026 of #180
200 frames of 1000 loaded.
400 frames of 1000 loaded.
600 frames of 1000 loaded.
800 frames of 1000 loaded.
1000 frames of 1000 loaded.
Line Shift Correcting Movie #026 of #180
Identifying Motion Correction for Movie #026 of #180
Applying Motion Correction for Movie #026 of #180
Writing Movie #026 of #180
200 frames written.
Writing Movie #026 of #180
200 frames written.
Writing Movie #026 of #180
200 frames written.

Loading Movie #027 of #180
200 frames of 1000 loaded.
400 frames of 1000 loaded.
600 frames of 1000 loaded.
800 frames of 1000 loaded.
1000 frames of 1000 loaded.
Line Shift Correcting Movie #027 of #180
Identifying Motion Correction for Movie #027 of #180
Applying Motion Correction for Movie #027 of #180
Writing Movie #027 of #180
200 frames written.
Writing Movie #027 of #180
200 frames written.
Writing Movie #027 of #180
200 frames written.

Loading Movie #028 of #180
200 frames of 1000 loaded.
400 frames of 1000 loaded.
600 frames of 1000 loaded.
800 frames of 1000 loaded.
1000 frames of 1000 loaded.
Line Shift Correcting Movie #028 of #180
Identifying Motion Correction for Movie #028 of #180
Applying Motion Correction for Movie #028 of #180
Writing Movie #028 of #180
200 frames written.
Writing Movie #028 of #180
200 frames written.
Writing Movie #028 of #180
200 frames written.

Loading Movie #029 of #180
200 frames of 1000 loaded.
400 frames of 1000 loaded.
600 frames of 1000 loaded.
800 frames of 1000 loaded.
1000 frames of 1000 loaded.
Line Shift Correcting Movie #029 of #180
Identifying Motion Correction for Movie #029 of #180
Applying Motion Correction for Movie #029 of #180
Writing Movie #029 of #180
200 frames written.
Writing Movie #029 of #180
200 frames written.
Writing Movie #029 of #180
200 frames written.

Loading Movie #030 of #180
200 frames of 1000 loaded.
400 frames of 1000 loaded.
600 frames of 1000 loaded.
800 frames of 1000 loaded.
1000 frames of 1000 loaded.
Line Shift Correcting Movie #030 of #180
Identifying Motion Correction for Movie #030 of #180
Applying Motion Correction for Movie #030 of #180
Writing Movie #030 of #180
200 frames written.
Writing Movie #030 of #180
200 frames written.
Writing Movie #030 of #180
200 frames written.

Loading Movie #031 of #180
200 frames of 1000 loaded.
400 frames of 1000 loaded.
600 frames of 1000 loaded.
800 frames of 1000 loaded.
1000 frames of 1000 loaded.
Line Shift Correcting Movie #031 of #180
Identifying Motion Correction for Movie #031 of #180
Applying Motion Correction for Movie #031 of #180
Writing Movie #031 of #180
200 frames written.
Writing Movie #031 of #180
200 frames written.
Writing Movie #031 of #180
200 frames written.

Loading Movie #032 of #180
200 frames of 1000 loaded.
400 frames of 1000 loaded.
600 frames of 1000 loaded.
800 frames of 1000 loaded.
1000 frames of 1000 loaded.
Line Shift Correcting Movie #032 of #180
Identifying Motion Correction for Movie #032 of #180
Applying Motion Correction for Movie #032 of #180
Writing Movie #032 of #180
200 frames written.
Writing Movie #032 of #180
200 frames written.
Writing Movie #032 of #180
200 frames written.

Loading Movie #033 of #180
200 frames of 1000 loaded.
400 frames of 1000 loaded.
600 frames of 1000 loaded.
800 frames of 1000 loaded.
1000 frames of 1000 loaded.
Line Shift Correcting Movie #033 of #180
Identifying Motion Correction for Movie #033 of #180
Applying Motion Correction for Movie #033 of #180
Writing Movie #033 of #180
200 frames written.
Writing Movie #033 of #180
200 frames written.
Writing Movie #033 of #180
200 frames written.

Loading Movie #034 of #180
200 frames of 1000 loaded.
400 frames of 1000 loaded.
600 frames of 1000 loaded.
800 frames of 1000 loaded.
1000 frames of 1000 loaded.
Line Shift Correcting Movie #034 of #180
Identifying Motion Correction for Movie #034 of #180
Applying Motion Correction for Movie #034 of #180
Writing Movie #034 of #180
200 frames written.
Writing Movie #034 of #180
200 frames written.
Writing Movie #034 of #180
200 frames written.

Loading Movie #035 of #180
200 frames of 1000 loaded.
400 frames of 1000 loaded.
600 frames of 1000 loaded.
800 frames of 1000 loaded.
1000 frames of 1000 loaded.
Line Shift Correcting Movie #035 of #180
Identifying Motion Correction for Movie #035 of #180
Applying Motion Correction for Movie #035 of #180
Writing Movie #035 of #180
200 frames written.
Writing Movie #035 of #180
200 frames written.
Writing Movie #035 of #180
200 frames written.

Loading Movie #036 of #180
200 frames of 1000 loaded.
400 frames of 1000 loaded.
600 frames of 1000 loaded.
800 frames of 1000 loaded.
1000 frames of 1000 loaded.
Line Shift Correcting Movie #036 of #180
Identifying Motion Correction for Movie #036 of #180
Applying Motion Correction for Movie #036 of #180
Writing Movie #036 of #180
200 frames written.
Writing Movie #036 of #180
200 frames written.
Writing Movie #036 of #180
200 frames written.

Loading Movie #037 of #180
200 frames of 1000 loaded.
400 frames of 1000 loaded.
600 frames of 1000 loaded.
800 frames of 1000 loaded.
1000 frames of 1000 loaded.
Line Shift Correcting Movie #037 of #180
Identifying Motion Correction for Movie #037 of #180
Applying Motion Correction for Movie #037 of #180
Writing Movie #037 of #180
200 frames written.
Writing Movie #037 of #180
200 frames written.
Writing Movie #037 of #180
200 frames written.

Loading Movie #038 of #180
200 frames of 1000 loaded.
400 frames of 1000 loaded.
600 frames of 1000 loaded.
800 frames of 1000 loaded.
1000 frames of 1000 loaded.
Line Shift Correcting Movie #038 of #180
Identifying Motion Correction for Movie #038 of #180
Applying Motion Correction for Movie #038 of #180
Writing Movie #038 of #180
200 frames written.
Writing Movie #038 of #180
200 frames written.
Writing Movie #038 of #180
200 frames written.

Loading Movie #039 of #180
200 frames of 1000 loaded.
400 frames of 1000 loaded.
600 frames of 1000 loaded.
800 frames of 1000 loaded.
1000 frames of 1000 loaded.
Line Shift Correcting Movie #039 of #180
Identifying Motion Correction for Movie #039 of #180
Applying Motion Correction for Movie #039 of #180
Writing Movie #039 of #180
200 frames written.
Writing Movie #039 of #180
200 frames written.
Writing Movie #039 of #180
200 frames written.

Loading Movie #040 of #180
200 frames of 1000 loaded.
400 frames of 1000 loaded.
600 frames of 1000 loaded.
800 frames of 1000 loaded.
1000 frames of 1000 loaded.
Line Shift Correcting Movie #040 of #180
Identifying Motion Correction for Movie #040 of #180
Applying Motion Correction for Movie #040 of #180
Writing Movie #040 of #180
200 frames written.
Writing Movie #040 of #180
200 frames written.
Writing Movie #040 of #180
200 frames written.

Loading Movie #041 of #180
200 frames of 1000 loaded.
400 frames of 1000 loaded.
600 frames of 1000 loaded.
800 frames of 1000 loaded.
1000 frames of 1000 loaded.
Line Shift Correcting Movie #041 of #180
Identifying Motion Correction for Movie #041 of #180
Applying Motion Correction for Movie #041 of #180
Writing Movie #041 of #180
200 frames written.
Writing Movie #041 of #180
200 frames written.
Writing Movie #041 of #180
200 frames written.

Loading Movie #042 of #180
200 frames of 1000 loaded.
400 frames of 1000 loaded.
600 frames of 1000 loaded.
800 frames of 1000 loaded.
1000 frames of 1000 loaded.
Line Shift Correcting Movie #042 of #180
Identifying Motion Correction for Movie #042 of #180
Applying Motion Correction for Movie #042 of #180
Writing Movie #042 of #180
200 frames written.
Writing Movie #042 of #180
200 frames written.
Writing Movie #042 of #180
200 frames written.

Loading Movie #043 of #180
200 frames of 1000 loaded.
400 frames of 1000 loaded.
600 frames of 1000 loaded.
800 frames of 1000 loaded.
1000 frames of 1000 loaded.
Line Shift Correcting Movie #043 of #180
Identifying Motion Correction for Movie #043 of #180
Applying Motion Correction for Movie #043 of #180
Writing Movie #043 of #180
200 frames written.
Writing Movie #043 of #180
200 frames written.
Writing Movie #043 of #180
200 frames written.

Loading Movie #044 of #180
200 frames of 1000 loaded.
400 frames of 1000 loaded.
600 frames of 1000 loaded.
800 frames of 1000 loaded.
1000 frames of 1000 loaded.
Line Shift Correcting Movie #044 of #180
Identifying Motion Correction for Movie #044 of #180
Applying Motion Correction for Movie #044 of #180
Writing Movie #044 of #180
200 frames written.
Writing Movie #044 of #180
200 frames written.
Writing Movie #044 of #180
200 frames written.

Loading Movie #045 of #180
200 frames of 1000 loaded.
400 frames of 1000 loaded.
600 frames of 1000 loaded.
800 frames of 1000 loaded.
1000 frames of 1000 loaded.
Line Shift Correcting Movie #045 of #180
Identifying Motion Correction for Movie #045 of #180
Applying Motion Correction for Movie #045 of #180
Writing Movie #045 of #180
200 frames written.
Writing Movie #045 of #180
200 frames written.
Writing Movie #045 of #180
200 frames written.

Loading Movie #046 of #180
200 frames of 1000 loaded.
400 frames of 1000 loaded.
600 frames of 1000 loaded.
800 frames of 1000 loaded.
1000 frames of 1000 loaded.
Line Shift Correcting Movie #046 of #180
Identifying Motion Correction for Movie #046 of #180
Applying Motion Correction for Movie #046 of #180
Writing Movie #046 of #180
200 frames written.
Writing Movie #046 of #180
200 frames written.
Writing Movie #046 of #180
200 frames written.

Loading Movie #047 of #180
200 frames of 1000 loaded.
400 frames of 1000 loaded.
600 frames of 1000 loaded.
800 frames of 1000 loaded.
1000 frames of 1000 loaded.
Line Shift Correcting Movie #047 of #180
Identifying Motion Correction for Movie #047 of #180
Applying Motion Correction for Movie #047 of #180
Writing Movie #047 of #180
200 frames written.
Writing Movie #047 of #180
200 frames written.
Writing Movie #047 of #180
200 frames written.

Loading Movie #048 of #180
200 frames of 1000 loaded.
400 frames of 1000 loaded.
600 frames of 1000 loaded.
800 frames of 1000 loaded.
1000 frames of 1000 loaded.
Line Shift Correcting Movie #048 of #180
Identifying Motion Correction for Movie #048 of #180
Applying Motion Correction for Movie #048 of #180
Writing Movie #048 of #180
200 frames written.
Writing Movie #048 of #180
200 frames written.
Writing Movie #048 of #180
200 frames written.

Loading Movie #049 of #180
200 frames of 1000 loaded.
400 frames of 1000 loaded.
600 frames of 1000 loaded.
800 frames of 1000 loaded.
1000 frames of 1000 loaded.
Line Shift Correcting Movie #049 of #180
Identifying Motion Correction for Movie #049 of #180
Applying Motion Correction for Movie #049 of #180
Writing Movie #049 of #180
200 frames written.
Writing Movie #049 of #180
200 frames written.
Writing Movie #049 of #180
200 frames written.

Loading Movie #050 of #180
200 frames of 1000 loaded.
400 frames of 1000 loaded.
600 frames of 1000 loaded.
800 frames of 1000 loaded.
1000 frames of 1000 loaded.
Line Shift Correcting Movie #050 of #180
Identifying Motion Correction for Movie #050 of #180
Applying Motion Correction for Movie #050 of #180
Writing Movie #050 of #180
200 frames written.
Writing Movie #050 of #180
200 frames written.
Writing Movie #050 of #180
200 frames written.

Loading Movie #051 of #180
200 frames of 1000 loaded.
400 frames of 1000 loaded.
600 frames of 1000 loaded.
800 frames of 1000 loaded.
1000 frames of 1000 loaded.
Line Shift Correcting Movie #051 of #180
Identifying Motion Correction for Movie #051 of #180
Applying Motion Correction for Movie #051 of #180
Writing Movie #051 of #180
200 frames written.
Writing Movie #051 of #180
200 frames written.
Writing Movie #051 of #180
200 frames written.

Loading Movie #052 of #180
200 frames of 1000 loaded.
400 frames of 1000 loaded.
600 frames of 1000 loaded.
800 frames of 1000 loaded.
1000 frames of 1000 loaded.
Line Shift Correcting Movie #052 of #180
Identifying Motion Correction for Movie #052 of #180
Applying Motion Correction for Movie #052 of #180
Writing Movie #052 of #180
200 frames written.
Writing Movie #052 of #180
200 frames written.
Writing Movie #052 of #180
200 frames written.

Loading Movie #053 of #180
200 frames of 1000 loaded.
400 frames of 1000 loaded.
600 frames of 1000 loaded.
800 frames of 1000 loaded.
1000 frames of 1000 loaded.
Line Shift Correcting Movie #053 of #180
Identifying Motion Correction for Movie #053 of #180
Applying Motion Correction for Movie #053 of #180
Writing Movie #053 of #180
200 frames written.
Writing Movie #053 of #180
200 frames written.
Writing Movie #053 of #180
200 frames written.

Loading Movie #054 of #180
200 frames of 1000 loaded.
400 frames of 1000 loaded.
600 frames of 1000 loaded.
800 frames of 1000 loaded.
1000 frames of 1000 loaded.
Line Shift Correcting Movie #054 of #180
Identifying Motion Correction for Movie #054 of #180
Applying Motion Correction for Movie #054 of #180
Writing Movie #054 of #180
200 frames written.
Writing Movie #054 of #180
200 frames written.
Writing Movie #054 of #180
200 frames written.

Loading Movie #055 of #180
200 frames of 1000 loaded.
400 frames of 1000 loaded.
600 frames of 1000 loaded.
800 frames of 1000 loaded.
1000 frames of 1000 loaded.
Line Shift Correcting Movie #055 of #180
Identifying Motion Correction for Movie #055 of #180
Applying Motion Correction for Movie #055 of #180
Writing Movie #055 of #180
200 frames written.
Writing Movie #055 of #180
200 frames written.
Writing Movie #055 of #180
200 frames written.

Loading Movie #056 of #180
200 frames of 1000 loaded.
400 frames of 1000 loaded.
600 frames of 1000 loaded.
800 frames of 1000 loaded.
1000 frames of 1000 loaded.
Line Shift Correcting Movie #056 of #180
Identifying Motion Correction for Movie #056 of #180
Applying Motion Correction for Movie #056 of #180
Writing Movie #056 of #180
200 frames written.
Writing Movie #056 of #180
200 frames written.
Writing Movie #056 of #180
200 frames written.

Loading Movie #057 of #180
200 frames of 1000 loaded.
400 frames of 1000 loaded.
600 frames of 1000 loaded.
800 frames of 1000 loaded.
1000 frames of 1000 loaded.
Line Shift Correcting Movie #057 of #180
Identifying Motion Correction for Movie #057 of #180
Applying Motion Correction for Movie #057 of #180
Writing Movie #057 of #180
200 frames written.
Writing Movie #057 of #180
200 frames written.
Writing Movie #057 of #180
200 frames written.

Loading Movie #058 of #180
200 frames of 1000 loaded.
400 frames of 1000 loaded.
600 frames of 1000 loaded.
800 frames of 1000 loaded.
1000 frames of 1000 loaded.
Line Shift Correcting Movie #058 of #180
Identifying Motion Correction for Movie #058 of #180
Applying Motion Correction for Movie #058 of #180
Writing Movie #058 of #180
200 frames written.
Writing Movie #058 of #180
200 frames written.
Writing Movie #058 of #180
200 frames written.

Loading Movie #059 of #180
200 frames of 1000 loaded.
400 frames of 1000 loaded.
600 frames of 1000 loaded.
800 frames of 1000 loaded.
1000 frames of 1000 loaded.
Line Shift Correcting Movie #059 of #180
Identifying Motion Correction for Movie #059 of #180
Applying Motion Correction for Movie #059 of #180
Writing Movie #059 of #180
200 frames written.
Writing Movie #059 of #180
200 frames written.
Writing Movie #059 of #180
200 frames written.

Loading Movie #060 of #180
200 frames of 1000 loaded.
400 frames of 1000 loaded.
600 frames of 1000 loaded.
800 frames of 1000 loaded.
1000 frames of 1000 loaded.
Line Shift Correcting Movie #060 of #180
Identifying Motion Correction for Movie #060 of #180
Applying Motion Correction for Movie #060 of #180
Writing Movie #060 of #180
200 frames written.
Writing Movie #060 of #180
200 frames written.
Writing Movie #060 of #180
200 frames written.

Loading Movie #061 of #180
200 frames of 1000 loaded.
400 frames of 1000 loaded.
600 frames of 1000 loaded.
800 frames of 1000 loaded.
1000 frames of 1000 loaded.
Line Shift Correcting Movie #061 of #180
Identifying Motion Correction for Movie #061 of #180
Applying Motion Correction for Movie #061 of #180
Writing Movie #061 of #180
200 frames written.
Writing Movie #061 of #180
200 frames written.
Writing Movie #061 of #180
200 frames written.

Loading Movie #062 of #180
200 frames of 1000 loaded.
400 frames of 1000 loaded.
600 frames of 1000 loaded.
800 frames of 1000 loaded.
1000 frames of 1000 loaded.
Line Shift Correcting Movie #062 of #180
Identifying Motion Correction for Movie #062 of #180
Applying Motion Correction for Movie #062 of #180
Writing Movie #062 of #180
200 frames written.
Writing Movie #062 of #180
200 frames written.
Writing Movie #062 of #180
200 frames written.

Loading Movie #063 of #180
200 frames of 1000 loaded.
400 frames of 1000 loaded.
600 frames of 1000 loaded.
800 frames of 1000 loaded.
1000 frames of 1000 loaded.
Line Shift Correcting Movie #063 of #180
Identifying Motion Correction for Movie #063 of #180
Applying Motion Correction for Movie #063 of #180
Writing Movie #063 of #180
200 frames written.
Writing Movie #063 of #180
200 frames written.
Writing Movie #063 of #180
200 frames written.

Loading Movie #064 of #180
200 frames of 1000 loaded.
400 frames of 1000 loaded.
600 frames of 1000 loaded.
800 frames of 1000 loaded.
1000 frames of 1000 loaded.
Line Shift Correcting Movie #064 of #180
Identifying Motion Correction for Movie #064 of #180
Applying Motion Correction for Movie #064 of #180
Writing Movie #064 of #180
200 frames written.
Writing Movie #064 of #180
200 frames written.
Writing Movie #064 of #180
200 frames written.

Loading Movie #065 of #180
200 frames of 1000 loaded.
400 frames of 1000 loaded.
600 frames of 1000 loaded.
800 frames of 1000 loaded.
1000 frames of 1000 loaded.
Line Shift Correcting Movie #065 of #180
Identifying Motion Correction for Movie #065 of #180
Applying Motion Correction for Movie #065 of #180
Writing Movie #065 of #180
200 frames written.
Writing Movie #065 of #180
200 frames written.
Writing Movie #065 of #180
200 frames written.

Loading Movie #066 of #180
200 frames of 1000 loaded.
400 frames of 1000 loaded.
600 frames of 1000 loaded.
800 frames of 1000 loaded.
1000 frames of 1000 loaded.
Line Shift Correcting Movie #066 of #180
Identifying Motion Correction for Movie #066 of #180
Applying Motion Correction for Movie #066 of #180
Writing Movie #066 of #180
200 frames written.
Writing Movie #066 of #180
200 frames written.
Writing Movie #066 of #180
200 frames written.

Loading Movie #067 of #180
200 frames of 1000 loaded.
400 frames of 1000 loaded.
600 frames of 1000 loaded.
800 frames of 1000 loaded.
1000 frames of 1000 loaded.
Line Shift Correcting Movie #067 of #180
Identifying Motion Correction for Movie #067 of #180
Applying Motion Correction for Movie #067 of #180
Writing Movie #067 of #180
200 frames written.
Writing Movie #067 of #180
200 frames written.
Writing Movie #067 of #180
200 frames written.

Loading Movie #068 of #180
200 frames of 1000 loaded.
400 frames of 1000 loaded.
600 frames of 1000 loaded.
800 frames of 1000 loaded.
1000 frames of 1000 loaded.
Line Shift Correcting Movie #068 of #180
Identifying Motion Correction for Movie #068 of #180
Applying Motion Correction for Movie #068 of #180
Writing Movie #068 of #180
200 frames written.
Writing Movie #068 of #180
200 frames written.
Writing Movie #068 of #180
200 frames written.

Loading Movie #069 of #180
200 frames of 1000 loaded.
400 frames of 1000 loaded.
600 frames of 1000 loaded.
800 frames of 1000 loaded.
1000 frames of 1000 loaded.
Line Shift Correcting Movie #069 of #180
Identifying Motion Correction for Movie #069 of #180
Applying Motion Correction for Movie #069 of #180
Writing Movie #069 of #180
200 frames written.
Writing Movie #069 of #180
200 frames written.
Writing Movie #069 of #180
200 frames written.

Loading Movie #070 of #180
200 frames of 1000 loaded.
400 frames of 1000 loaded.
600 frames of 1000 loaded.
800 frames of 1000 loaded.
1000 frames of 1000 loaded.
Line Shift Correcting Movie #070 of #180
Identifying Motion Correction for Movie #070 of #180
Applying Motion Correction for Movie #070 of #180
Writing Movie #070 of #180
200 frames written.
Writing Movie #070 of #180
200 frames written.
Writing Movie #070 of #180
200 frames written.

Loading Movie #071 of #180
200 frames of 1000 loaded.
400 frames of 1000 loaded.
600 frames of 1000 loaded.
800 frames of 1000 loaded.
1000 frames of 1000 loaded.
Line Shift Correcting Movie #071 of #180
Identifying Motion Correction for Movie #071 of #180
Applying Motion Correction for Movie #071 of #180
Writing Movie #071 of #180
200 frames written.
Writing Movie #071 of #180
200 frames written.
Writing Movie #071 of #180
200 frames written.

Loading Movie #072 of #180
200 frames of 1000 loaded.
400 frames of 1000 loaded.
600 frames of 1000 loaded.
800 frames of 1000 loaded.
1000 frames of 1000 loaded.
Line Shift Correcting Movie #072 of #180
Identifying Motion Correction for Movie #072 of #180
Applying Motion Correction for Movie #072 of #180
Writing Movie #072 of #180
200 frames written.
Writing Movie #072 of #180
200 frames written.
Writing Movie #072 of #180
200 frames written.

Loading Movie #073 of #180
200 frames of 1000 loaded.
400 frames of 1000 loaded.
600 frames of 1000 loaded.
800 frames of 1000 loaded.
1000 frames of 1000 loaded.
Line Shift Correcting Movie #073 of #180
Identifying Motion Correction for Movie #073 of #180
Applying Motion Correction for Movie #073 of #180
Writing Movie #073 of #180
200 frames written.
Writing Movie #073 of #180
200 frames written.
Writing Movie #073 of #180
200 frames written.

Loading Movie #074 of #180
200 frames of 1000 loaded.
400 frames of 1000 loaded.
600 frames of 1000 loaded.
800 frames of 1000 loaded.
1000 frames of 1000 loaded.
Line Shift Correcting Movie #074 of #180
Identifying Motion Correction for Movie #074 of #180
Applying Motion Correction for Movie #074 of #180
Writing Movie #074 of #180
200 frames written.
Writing Movie #074 of #180
200 frames written.
Writing Movie #074 of #180
200 frames written.

Loading Movie #075 of #180
200 frames of 1000 loaded.
400 frames of 1000 loaded.
600 frames of 1000 loaded.
800 frames of 1000 loaded.
1000 frames of 1000 loaded.
Line Shift Correcting Movie #075 of #180
Identifying Motion Correction for Movie #075 of #180
Applying Motion Correction for Movie #075 of #180
Writing Movie #075 of #180
200 frames written.
Writing Movie #075 of #180
200 frames written.
Writing Movie #075 of #180
200 frames written.

Loading Movie #076 of #180
200 frames of 1000 loaded.
400 frames of 1000 loaded.
600 frames of 1000 loaded.
800 frames of 1000 loaded.
1000 frames of 1000 loaded.
Line Shift Correcting Movie #076 of #180
Identifying Motion Correction for Movie #076 of #180
Applying Motion Correction for Movie #076 of #180
Writing Movie #076 of #180
200 frames written.
Writing Movie #076 of #180
200 frames written.
Writing Movie #076 of #180
200 frames written.

Loading Movie #077 of #180
200 frames of 1000 loaded.
400 frames of 1000 loaded.
600 frames of 1000 loaded.
800 frames of 1000 loaded.
1000 frames of 1000 loaded.
Line Shift Correcting Movie #077 of #180
Identifying Motion Correction for Movie #077 of #180
Applying Motion Correction for Movie #077 of #180
Writing Movie #077 of #180
200 frames written.
Writing Movie #077 of #180
200 frames written.
Writing Movie #077 of #180
200 frames written.

Loading Movie #078 of #180
200 frames of 1000 loaded.
400 frames of 1000 loaded.
600 frames of 1000 loaded.
800 frames of 1000 loaded.
1000 frames of 1000 loaded.
Line Shift Correcting Movie #078 of #180
Identifying Motion Correction for Movie #078 of #180
Applying Motion Correction for Movie #078 of #180
Writing Movie #078 of #180
200 frames written.
Writing Movie #078 of #180
200 frames written.
Writing Movie #078 of #180
200 frames written.

Loading Movie #079 of #180
200 frames of 1000 loaded.
400 frames of 1000 loaded.
600 frames of 1000 loaded.
800 frames of 1000 loaded.
1000 frames of 1000 loaded.
Line Shift Correcting Movie #079 of #180
Identifying Motion Correction for Movie #079 of #180
Applying Motion Correction for Movie #079 of #180
Writing Movie #079 of #180
200 frames written.
Writing Movie #079 of #180
200 frames written.
Writing Movie #079 of #180
200 frames written.

Loading Movie #080 of #180
200 frames of 1000 loaded.
400 frames of 1000 loaded.
600 frames of 1000 loaded.
800 frames of 1000 loaded.
1000 frames of 1000 loaded.
Line Shift Correcting Movie #080 of #180
Identifying Motion Correction for Movie #080 of #180
Applying Motion Correction for Movie #080 of #180
Writing Movie #080 of #180
200 frames written.
Writing Movie #080 of #180
200 frames written.
Writing Movie #080 of #180
200 frames written.

Loading Movie #081 of #180
200 frames of 1000 loaded.
400 frames of 1000 loaded.
600 frames of 1000 loaded.
800 frames of 1000 loaded.
1000 frames of 1000 loaded.
Line Shift Correcting Movie #081 of #180
Identifying Motion Correction for Movie #081 of #180
Applying Motion Correction for Movie #081 of #180
Writing Movie #081 of #180
200 frames written.
Writing Movie #081 of #180
200 frames written.
Writing Movie #081 of #180
200 frames written.

Loading Movie #082 of #180
200 frames of 1000 loaded.
400 frames of 1000 loaded.
600 frames of 1000 loaded.
800 frames of 1000 loaded.
1000 frames of 1000 loaded.
Line Shift Correcting Movie #082 of #180
Identifying Motion Correction for Movie #082 of #180
Applying Motion Correction for Movie #082 of #180
Writing Movie #082 of #180
200 frames written.
Writing Movie #082 of #180
200 frames written.
Writing Movie #082 of #180
200 frames written.

Loading Movie #083 of #180
200 frames of 1000 loaded.
400 frames of 1000 loaded.
600 frames of 1000 loaded.
800 frames of 1000 loaded.
1000 frames of 1000 loaded.
Line Shift Correcting Movie #083 of #180
Identifying Motion Correction for Movie #083 of #180
Applying Motion Correction for Movie #083 of #180
Writing Movie #083 of #180
200 frames written.
Writing Movie #083 of #180
200 frames written.
Writing Movie #083 of #180
200 frames written.

Loading Movie #084 of #180
200 frames of 1000 loaded.
400 frames of 1000 loaded.
600 frames of 1000 loaded.
800 frames of 1000 loaded.
1000 frames of 1000 loaded.
Line Shift Correcting Movie #084 of #180
Identifying Motion Correction for Movie #084 of #180
Applying Motion Correction for Movie #084 of #180
Writing Movie #084 of #180
200 frames written.
Writing Movie #084 of #180
200 frames written.
Writing Movie #084 of #180
200 frames written.

Loading Movie #085 of #180
200 frames of 1000 loaded.
400 frames of 1000 loaded.
600 frames of 1000 loaded.
800 frames of 1000 loaded.
1000 frames of 1000 loaded.
Line Shift Correcting Movie #085 of #180
Identifying Motion Correction for Movie #085 of #180
Applying Motion Correction for Movie #085 of #180
Writing Movie #085 of #180
200 frames written.
Writing Movie #085 of #180
200 frames written.
Writing Movie #085 of #180
200 frames written.

Loading Movie #086 of #180
200 frames of 1000 loaded.
400 frames of 1000 loaded.
600 frames of 1000 loaded.
800 frames of 1000 loaded.
1000 frames of 1000 loaded.
Line Shift Correcting Movie #086 of #180
Identifying Motion Correction for Movie #086 of #180
Applying Motion Correction for Movie #086 of #180
Writing Movie #086 of #180
200 frames written.
Writing Movie #086 of #180
200 frames written.
Writing Movie #086 of #180
200 frames written.

Loading Movie #087 of #180
200 frames of 1000 loaded.
400 frames of 1000 loaded.
600 frames of 1000 loaded.
800 frames of 1000 loaded.
1000 frames of 1000 loaded.
Line Shift Correcting Movie #087 of #180
Identifying Motion Correction for Movie #087 of #180
Applying Motion Correction for Movie #087 of #180
Writing Movie #087 of #180
200 frames written.
Writing Movie #087 of #180
200 frames written.
Writing Movie #087 of #180
200 frames written.

Loading Movie #088 of #180
200 frames of 1000 loaded.
400 frames of 1000 loaded.
600 frames of 1000 loaded.
800 frames of 1000 loaded.
1000 frames of 1000 loaded.
Line Shift Correcting Movie #088 of #180
Identifying Motion Correction for Movie #088 of #180
Applying Motion Correction for Movie #088 of #180
Writing Movie #088 of #180
200 frames written.
Writing Movie #088 of #180
200 frames written.
Writing Movie #088 of #180
200 frames written.

Loading Movie #089 of #180
200 frames of 1000 loaded.
400 frames of 1000 loaded.
600 frames of 1000 loaded.
800 frames of 1000 loaded.
1000 frames of 1000 loaded.
Line Shift Correcting Movie #089 of #180
Identifying Motion Correction for Movie #089 of #180
Applying Motion Correction for Movie #089 of #180
Writing Movie #089 of #180
200 frames written.
Writing Movie #089 of #180
200 frames written.
Writing Movie #089 of #180
200 frames written.

Loading Movie #001 of #180
200 frames of 1000 loaded.
400 frames of 1000 loaded.
600 frames of 1000 loaded.
800 frames of 1000 loaded.
1000 frames of 1000 loaded.
Line Shift Correcting Movie #001 of #180
Identifying Motion Correction for Movie #001 of #180
Applying Motion Correction for Movie #001 of #180
Writing Movie #001 of #180
200 frames written.
Writing Movie #001 of #180
200 frames written.
Writing Movie #001 of #180
200 frames written.

Loading Movie #091 of #180
200 frames of 1000 loaded.
400 frames of 1000 loaded.
600 frames of 1000 loaded.
800 frames of 1000 loaded.
1000 frames of 1000 loaded.
Line Shift Correcting Movie #091 of #180
Identifying Motion Correction for Movie #091 of #180
Applying Motion Correction for Movie #091 of #180
Writing Movie #091 of #180
200 frames written.
Writing Movie #091 of #180
200 frames written.
Writing Movie #091 of #180
200 frames written.

Loading Movie #092 of #180
200 frames of 1000 loaded.
400 frames of 1000 loaded.
600 frames of 1000 loaded.
800 frames of 1000 loaded.
1000 frames of 1000 loaded.
Line Shift Correcting Movie #092 of #180
Identifying Motion Correction for Movie #092 of #180
Applying Motion Correction for Movie #092 of #180
Writing Movie #092 of #180
200 frames written.
Writing Movie #092 of #180
200 frames written.
Writing Movie #092 of #180
200 frames written.

Loading Movie #093 of #180
200 frames of 1000 loaded.
400 frames of 1000 loaded.
600 frames of 1000 loaded.
800 frames of 1000 loaded.
1000 frames of 1000 loaded.
Line Shift Correcting Movie #093 of #180
Identifying Motion Correction for Movie #093 of #180
Applying Motion Correction for Movie #093 of #180
Writing Movie #093 of #180
200 frames written.
Writing Movie #093 of #180
200 frames written.
Writing Movie #093 of #180
200 frames written.

Loading Movie #094 of #180
200 frames of 1000 loaded.
400 frames of 1000 loaded.
600 frames of 1000 loaded.
800 frames of 1000 loaded.
1000 frames of 1000 loaded.
Line Shift Correcting Movie #094 of #180
Identifying Motion Correction for Movie #094 of #180
Applying Motion Correction for Movie #094 of #180
Writing Movie #094 of #180
200 frames written.
Writing Movie #094 of #180
200 frames written.
Writing Movie #094 of #180
200 frames written.

Loading Movie #095 of #180
200 frames of 1000 loaded.
400 frames of 1000 loaded.
600 frames of 1000 loaded.
800 frames of 1000 loaded.
1000 frames of 1000 loaded.
Line Shift Correcting Movie #095 of #180
Identifying Motion Correction for Movie #095 of #180
Applying Motion Correction for Movie #095 of #180
Writing Movie #095 of #180
200 frames written.
Writing Movie #095 of #180
200 frames written.
Writing Movie #095 of #180
200 frames written.

Loading Movie #096 of #180
200 frames of 1000 loaded.
400 frames of 1000 loaded.
600 frames of 1000 loaded.
800 frames of 1000 loaded.
1000 frames of 1000 loaded.
Line Shift Correcting Movie #096 of #180
Identifying Motion Correction for Movie #096 of #180
Applying Motion Correction for Movie #096 of #180
Writing Movie #096 of #180
200 frames written.
Writing Movie #096 of #180
200 frames written.
Writing Movie #096 of #180
200 frames written.

Loading Movie #097 of #180
200 frames of 1000 loaded.
400 frames of 1000 loaded.
600 frames of 1000 loaded.
800 frames of 1000 loaded.
1000 frames of 1000 loaded.
Line Shift Correcting Movie #097 of #180
Identifying Motion Correction for Movie #097 of #180
Applying Motion Correction for Movie #097 of #180
Writing Movie #097 of #180
200 frames written.
Writing Movie #097 of #180
200 frames written.
Writing Movie #097 of #180
200 frames written.

Loading Movie #098 of #180
200 frames of 1000 loaded.
400 frames of 1000 loaded.
600 frames of 1000 loaded.
800 frames of 1000 loaded.
1000 frames of 1000 loaded.
Line Shift Correcting Movie #098 of #180
Identifying Motion Correction for Movie #098 of #180
Applying Motion Correction for Movie #098 of #180
Writing Movie #098 of #180
200 frames written.
Writing Movie #098 of #180
200 frames written.
Writing Movie #098 of #180
200 frames written.

Loading Movie #099 of #180
200 frames of 1000 loaded.
400 frames of 1000 loaded.
600 frames of 1000 loaded.
800 frames of 1000 loaded.
1000 frames of 1000 loaded.
Line Shift Correcting Movie #099 of #180
Identifying Motion Correction for Movie #099 of #180
Applying Motion Correction for Movie #099 of #180
Writing Movie #099 of #180
200 frames written.
Writing Movie #099 of #180
200 frames written.
Writing Movie #099 of #180
200 frames written.

Loading Movie #100 of #180
200 frames of 1000 loaded.
400 frames of 1000 loaded.
600 frames of 1000 loaded.
800 frames of 1000 loaded.
1000 frames of 1000 loaded.
Line Shift Correcting Movie #100 of #180
Identifying Motion Correction for Movie #100 of #180
Applying Motion Correction for Movie #100 of #180
Writing Movie #100 of #180
200 frames written.
Writing Movie #100 of #180
200 frames written.
Writing Movie #100 of #180
200 frames written.

Loading Movie #101 of #180
200 frames of 1000 loaded.
400 frames of 1000 loaded.
600 frames of 1000 loaded.
800 frames of 1000 loaded.
1000 frames of 1000 loaded.
Line Shift Correcting Movie #101 of #180
Identifying Motion Correction for Movie #101 of #180
Applying Motion Correction for Movie #101 of #180
Writing Movie #101 of #180
200 frames written.
Writing Movie #101 of #180
200 frames written.
Writing Movie #101 of #180
200 frames written.

Loading Movie #102 of #180
200 frames of 1000 loaded.
400 frames of 1000 loaded.
600 frames of 1000 loaded.
800 frames of 1000 loaded.
1000 frames of 1000 loaded.
Line Shift Correcting Movie #102 of #180
Identifying Motion Correction for Movie #102 of #180
Applying Motion Correction for Movie #102 of #180
Writing Movie #102 of #180
200 frames written.
Writing Movie #102 of #180
200 frames written.
Writing Movie #102 of #180
200 frames written.

Loading Movie #103 of #180
200 frames of 1000 loaded.
400 frames of 1000 loaded.
600 frames of 1000 loaded.
800 frames of 1000 loaded.
1000 frames of 1000 loaded.
Line Shift Correcting Movie #103 of #180
Identifying Motion Correction for Movie #103 of #180
Applying Motion Correction for Movie #103 of #180
Writing Movie #103 of #180
200 frames written.
Writing Movie #103 of #180
200 frames written.
Writing Movie #103 of #180
200 frames written.

Loading Movie #104 of #180
200 frames of 1000 loaded.
400 frames of 1000 loaded.
600 frames of 1000 loaded.
800 frames of 1000 loaded.
1000 frames of 1000 loaded.
Line Shift Correcting Movie #104 of #180
Identifying Motion Correction for Movie #104 of #180
Applying Motion Correction for Movie #104 of #180
Writing Movie #104 of #180
200 frames written.
Writing Movie #104 of #180
200 frames written.
Writing Movie #104 of #180
200 frames written.

Loading Movie #105 of #180
200 frames of 1000 loaded.
400 frames of 1000 loaded.
600 frames of 1000 loaded.
800 frames of 1000 loaded.
1000 frames of 1000 loaded.
Line Shift Correcting Movie #105 of #180
Identifying Motion Correction for Movie #105 of #180
Applying Motion Correction for Movie #105 of #180
Writing Movie #105 of #180
200 frames written.
Writing Movie #105 of #180
200 frames written.
Writing Movie #105 of #180
200 frames written.

Loading Movie #106 of #180
200 frames of 1000 loaded.
400 frames of 1000 loaded.
600 frames of 1000 loaded.
800 frames of 1000 loaded.
1000 frames of 1000 loaded.
Line Shift Correcting Movie #106 of #180
Identifying Motion Correction for Movie #106 of #180
Applying Motion Correction for Movie #106 of #180
Writing Movie #106 of #180
200 frames written.
Writing Movie #106 of #180
200 frames written.
Writing Movie #106 of #180
200 frames written.

Loading Movie #107 of #180
200 frames of 1000 loaded.
400 frames of 1000 loaded.
600 frames of 1000 loaded.
800 frames of 1000 loaded.
1000 frames of 1000 loaded.
Line Shift Correcting Movie #107 of #180
Identifying Motion Correction for Movie #107 of #180
Applying Motion Correction for Movie #107 of #180
Writing Movie #107 of #180
200 frames written.
Writing Movie #107 of #180
200 frames written.
Writing Movie #107 of #180
200 frames written.

Loading Movie #108 of #180
200 frames of 1000 loaded.
400 frames of 1000 loaded.
600 frames of 1000 loaded.
800 frames of 1000 loaded.
1000 frames of 1000 loaded.
Line Shift Correcting Movie #108 of #180
Identifying Motion Correction for Movie #108 of #180
Applying Motion Correction for Movie #108 of #180
Writing Movie #108 of #180
200 frames written.
Writing Movie #108 of #180
200 frames written.
Writing Movie #108 of #180
200 frames written.

Loading Movie #109 of #180
200 frames of 1000 loaded.
400 frames of 1000 loaded.
600 frames of 1000 loaded.
800 frames of 1000 loaded.
1000 frames of 1000 loaded.
Line Shift Correcting Movie #109 of #180
Identifying Motion Correction for Movie #109 of #180
Applying Motion Correction for Movie #109 of #180
Writing Movie #109 of #180
200 frames written.
Writing Movie #109 of #180
200 frames written.
Writing Movie #109 of #180
200 frames written.

Loading Movie #110 of #180
200 frames of 1000 loaded.
400 frames of 1000 loaded.
600 frames of 1000 loaded.
800 frames of 1000 loaded.
1000 frames of 1000 loaded.
Line Shift Correcting Movie #110 of #180
Identifying Motion Correction for Movie #110 of #180
Applying Motion Correction for Movie #110 of #180
Writing Movie #110 of #180
200 frames written.
Writing Movie #110 of #180
200 frames written.
Writing Movie #110 of #180
200 frames written.

Loading Movie #111 of #180
200 frames of 1000 loaded.
400 frames of 1000 loaded.
600 frames of 1000 loaded.
800 frames of 1000 loaded.
1000 frames of 1000 loaded.
Line Shift Correcting Movie #111 of #180
Identifying Motion Correction for Movie #111 of #180
Applying Motion Correction for Movie #111 of #180
Writing Movie #111 of #180
200 frames written.
Writing Movie #111 of #180
200 frames written.
Writing Movie #111 of #180
200 frames written.

Loading Movie #112 of #180
200 frames of 1000 loaded.
400 frames of 1000 loaded.
600 frames of 1000 loaded.
800 frames of 1000 loaded.
1000 frames of 1000 loaded.
Line Shift Correcting Movie #112 of #180
Identifying Motion Correction for Movie #112 of #180
Applying Motion Correction for Movie #112 of #180
Writing Movie #112 of #180
200 frames written.
Writing Movie #112 of #180
200 frames written.
Writing Movie #112 of #180
200 frames written.

Loading Movie #113 of #180
200 frames of 1000 loaded.
400 frames of 1000 loaded.
600 frames of 1000 loaded.
800 frames of 1000 loaded.
1000 frames of 1000 loaded.
Line Shift Correcting Movie #113 of #180
Identifying Motion Correction for Movie #113 of #180
Applying Motion Correction for Movie #113 of #180
Writing Movie #113 of #180
200 frames written.
Writing Movie #113 of #180
200 frames written.
Writing Movie #113 of #180
200 frames written.

Loading Movie #114 of #180
200 frames of 1000 loaded.
400 frames of 1000 loaded.
600 frames of 1000 loaded.
800 frames of 1000 loaded.
1000 frames of 1000 loaded.
Line Shift Correcting Movie #114 of #180
Identifying Motion Correction for Movie #114 of #180
Applying Motion Correction for Movie #114 of #180
Writing Movie #114 of #180
200 frames written.
Writing Movie #114 of #180
200 frames written.
Writing Movie #114 of #180
200 frames written.

Loading Movie #115 of #180
200 frames of 1000 loaded.
400 frames of 1000 loaded.
600 frames of 1000 loaded.
800 frames of 1000 loaded.
1000 frames of 1000 loaded.
Line Shift Correcting Movie #115 of #180
Identifying Motion Correction for Movie #115 of #180
Applying Motion Correction for Movie #115 of #180
Writing Movie #115 of #180
200 frames written.
Writing Movie #115 of #180
200 frames written.
Writing Movie #115 of #180
200 frames written.

Loading Movie #116 of #180
200 frames of 1000 loaded.
400 frames of 1000 loaded.
600 frames of 1000 loaded.
800 frames of 1000 loaded.
1000 frames of 1000 loaded.
Line Shift Correcting Movie #116 of #180
Identifying Motion Correction for Movie #116 of #180
Applying Motion Correction for Movie #116 of #180
Writing Movie #116 of #180
200 frames written.
Writing Movie #116 of #180
200 frames written.
Writing Movie #116 of #180
200 frames written.

Loading Movie #117 of #180
200 frames of 1000 loaded.
400 frames of 1000 loaded.
600 frames of 1000 loaded.
800 frames of 1000 loaded.
1000 frames of 1000 loaded.
Line Shift Correcting Movie #117 of #180
Identifying Motion Correction for Movie #117 of #180
Applying Motion Correction for Movie #117 of #180
Writing Movie #117 of #180
200 frames written.
Writing Movie #117 of #180
200 frames written.
Writing Movie #117 of #180
200 frames written.

Loading Movie #118 of #180
200 frames of 1000 loaded.
400 frames of 1000 loaded.
600 frames of 1000 loaded.
800 frames of 1000 loaded.
1000 frames of 1000 loaded.
Line Shift Correcting Movie #118 of #180
Identifying Motion Correction for Movie #118 of #180
Applying Motion Correction for Movie #118 of #180
Writing Movie #118 of #180
200 frames written.
Writing Movie #118 of #180
200 frames written.
Writing Movie #118 of #180
200 frames written.

Loading Movie #119 of #180
200 frames of 1000 loaded.
400 frames of 1000 loaded.
600 frames of 1000 loaded.
800 frames of 1000 loaded.
1000 frames of 1000 loaded.
Line Shift Correcting Movie #119 of #180
Identifying Motion Correction for Movie #119 of #180
Applying Motion Correction for Movie #119 of #180
Writing Movie #119 of #180
200 frames written.
Writing Movie #119 of #180
200 frames written.
Writing Movie #119 of #180
200 frames written.

Loading Movie #120 of #180
200 frames of 1000 loaded.
400 frames of 1000 loaded.
600 frames of 1000 loaded.
800 frames of 1000 loaded.
1000 frames of 1000 loaded.
Line Shift Correcting Movie #120 of #180
Identifying Motion Correction for Movie #120 of #180
Applying Motion Correction for Movie #120 of #180
Writing Movie #120 of #180
200 frames written.
Writing Movie #120 of #180
200 frames written.
Writing Movie #120 of #180
200 frames written.

Loading Movie #121 of #180
200 frames of 1000 loaded.
400 frames of 1000 loaded.
600 frames of 1000 loaded.
800 frames of 1000 loaded.
1000 frames of 1000 loaded.
Line Shift Correcting Movie #121 of #180
Identifying Motion Correction for Movie #121 of #180
Applying Motion Correction for Movie #121 of #180
Writing Movie #121 of #180
200 frames written.
Writing Movie #121 of #180
200 frames written.
Writing Movie #121 of #180
200 frames written.

Loading Movie #122 of #180
200 frames of 1000 loaded.
400 frames of 1000 loaded.
600 frames of 1000 loaded.
800 frames of 1000 loaded.
1000 frames of 1000 loaded.
Line Shift Correcting Movie #122 of #180
Identifying Motion Correction for Movie #122 of #180
Applying Motion Correction for Movie #122 of #180
Writing Movie #122 of #180
200 frames written.
Writing Movie #122 of #180
200 frames written.
Writing Movie #122 of #180
200 frames written.

Loading Movie #123 of #180
200 frames of 1000 loaded.
400 frames of 1000 loaded.
600 frames of 1000 loaded.
800 frames of 1000 loaded.
1000 frames of 1000 loaded.
Line Shift Correcting Movie #123 of #180
Identifying Motion Correction for Movie #123 of #180
Applying Motion Correction for Movie #123 of #180
Writing Movie #123 of #180
200 frames written.
Writing Movie #123 of #180
200 frames written.
Writing Movie #123 of #180
200 frames written.

Loading Movie #124 of #180
200 frames of 1000 loaded.
400 frames of 1000 loaded.
600 frames of 1000 loaded.
800 frames of 1000 loaded.
1000 frames of 1000 loaded.
Line Shift Correcting Movie #124 of #180
Identifying Motion Correction for Movie #124 of #180
Applying Motion Correction for Movie #124 of #180
Writing Movie #124 of #180
200 frames written.
Writing Movie #124 of #180
200 frames written.
Writing Movie #124 of #180
200 frames written.

Loading Movie #125 of #180
200 frames of 1000 loaded.
400 frames of 1000 loaded.
600 frames of 1000 loaded.
800 frames of 1000 loaded.
1000 frames of 1000 loaded.
Line Shift Correcting Movie #125 of #180
Identifying Motion Correction for Movie #125 of #180
Applying Motion Correction for Movie #125 of #180
Writing Movie #125 of #180
200 frames written.
Writing Movie #125 of #180
200 frames written.
Writing Movie #125 of #180
200 frames written.

Loading Movie #126 of #180
200 frames of 1000 loaded.
400 frames of 1000 loaded.
600 frames of 1000 loaded.
800 frames of 1000 loaded.
1000 frames of 1000 loaded.
Line Shift Correcting Movie #126 of #180
Identifying Motion Correction for Movie #126 of #180
Applying Motion Correction for Movie #126 of #180
Writing Movie #126 of #180
200 frames written.
Writing Movie #126 of #180
200 frames written.
Writing Movie #126 of #180
200 frames written.

Loading Movie #127 of #180
200 frames of 1000 loaded.
400 frames of 1000 loaded.
600 frames of 1000 loaded.
800 frames of 1000 loaded.
1000 frames of 1000 loaded.
Line Shift Correcting Movie #127 of #180
Identifying Motion Correction for Movie #127 of #180
Applying Motion Correction for Movie #127 of #180
Writing Movie #127 of #180
200 frames written.
Writing Movie #127 of #180
200 frames written.
Writing Movie #127 of #180
200 frames written.

Loading Movie #128 of #180
200 frames of 1000 loaded.
400 frames of 1000 loaded.
600 frames of 1000 loaded.
800 frames of 1000 loaded.
1000 frames of 1000 loaded.
Line Shift Correcting Movie #128 of #180
Identifying Motion Correction for Movie #128 of #180
Applying Motion Correction for Movie #128 of #180
Writing Movie #128 of #180
200 frames written.
Writing Movie #128 of #180
200 frames written.
Writing Movie #128 of #180
200 frames written.

Loading Movie #129 of #180
200 frames of 1000 loaded.
400 frames of 1000 loaded.
600 frames of 1000 loaded.
800 frames of 1000 loaded.
1000 frames of 1000 loaded.
Line Shift Correcting Movie #129 of #180
Identifying Motion Correction for Movie #129 of #180
Applying Motion Correction for Movie #129 of #180
Writing Movie #129 of #180
200 frames written.
Writing Movie #129 of #180
200 frames written.
Writing Movie #129 of #180
200 frames written.

Loading Movie #130 of #180
200 frames of 1000 loaded.
400 frames of 1000 loaded.
600 frames of 1000 loaded.
800 frames of 1000 loaded.
1000 frames of 1000 loaded.
Line Shift Correcting Movie #130 of #180
Identifying Motion Correction for Movie #130 of #180
Applying Motion Correction for Movie #130 of #180
Writing Movie #130 of #180
200 frames written.
Writing Movie #130 of #180
200 frames written.
Writing Movie #130 of #180
200 frames written.

Loading Movie #131 of #180
200 frames of 1000 loaded.
400 frames of 1000 loaded.
600 frames of 1000 loaded.
800 frames of 1000 loaded.
1000 frames of 1000 loaded.
Line Shift Correcting Movie #131 of #180
Identifying Motion Correction for Movie #131 of #180
Applying Motion Correction for Movie #131 of #180
Writing Movie #131 of #180
200 frames written.
Writing Movie #131 of #180
200 frames written.
Writing Movie #131 of #180
200 frames written.

Loading Movie #132 of #180
200 frames of 1000 loaded.
400 frames of 1000 loaded.
600 frames of 1000 loaded.
800 frames of 1000 loaded.
1000 frames of 1000 loaded.
Line Shift Correcting Movie #132 of #180
Identifying Motion Correction for Movie #132 of #180
Applying Motion Correction for Movie #132 of #180
Writing Movie #132 of #180
200 frames written.
Writing Movie #132 of #180
200 frames written.
Writing Movie #132 of #180
200 frames written.

Loading Movie #133 of #180
200 frames of 1000 loaded.
400 frames of 1000 loaded.
600 frames of 1000 loaded.
800 frames of 1000 loaded.
1000 frames of 1000 loaded.
Line Shift Correcting Movie #133 of #180
Identifying Motion Correction for Movie #133 of #180
Applying Motion Correction for Movie #133 of #180
Writing Movie #133 of #180
200 frames written.
Writing Movie #133 of #180
200 frames written.
Writing Movie #133 of #180
200 frames written.

Loading Movie #134 of #180
200 frames of 1000 loaded.
400 frames of 1000 loaded.
600 frames of 1000 loaded.
800 frames of 1000 loaded.
1000 frames of 1000 loaded.
Line Shift Correcting Movie #134 of #180
Identifying Motion Correction for Movie #134 of #180
Applying Motion Correction for Movie #134 of #180
Writing Movie #134 of #180
200 frames written.
Writing Movie #134 of #180
200 frames written.
Writing Movie #134 of #180
200 frames written.

Loading Movie #135 of #180
200 frames of 1000 loaded.
400 frames of 1000 loaded.
600 frames of 1000 loaded.
800 frames of 1000 loaded.
1000 frames of 1000 loaded.
Line Shift Correcting Movie #135 of #180
Identifying Motion Correction for Movie #135 of #180
Applying Motion Correction for Movie #135 of #180
Writing Movie #135 of #180
200 frames written.
Writing Movie #135 of #180
200 frames written.
Writing Movie #135 of #180
200 frames written.

Loading Movie #136 of #180
200 frames of 1000 loaded.
400 frames of 1000 loaded.
600 frames of 1000 loaded.
800 frames of 1000 loaded.
1000 frames of 1000 loaded.
Line Shift Correcting Movie #136 of #180
Identifying Motion Correction for Movie #136 of #180
Applying Motion Correction for Movie #136 of #180
Writing Movie #136 of #180
200 frames written.
Writing Movie #136 of #180
200 frames written.
Writing Movie #136 of #180
200 frames written.

Loading Movie #137 of #180
200 frames of 1000 loaded.
400 frames of 1000 loaded.
600 frames of 1000 loaded.
800 frames of 1000 loaded.
1000 frames of 1000 loaded.
Line Shift Correcting Movie #137 of #180
Identifying Motion Correction for Movie #137 of #180
Applying Motion Correction for Movie #137 of #180
Writing Movie #137 of #180
200 frames written.
Writing Movie #137 of #180
200 frames written.
Writing Movie #137 of #180
200 frames written.

Loading Movie #138 of #180
200 frames of 1000 loaded.
400 frames of 1000 loaded.
600 frames of 1000 loaded.
800 frames of 1000 loaded.
1000 frames of 1000 loaded.
Line Shift Correcting Movie #138 of #180
Identifying Motion Correction for Movie #138 of #180
Applying Motion Correction for Movie #138 of #180
Writing Movie #138 of #180
200 frames written.
Writing Movie #138 of #180
200 frames written.
Writing Movie #138 of #180
200 frames written.

Loading Movie #139 of #180
200 frames of 1000 loaded.
400 frames of 1000 loaded.
600 frames of 1000 loaded.
800 frames of 1000 loaded.
1000 frames of 1000 loaded.
Line Shift Correcting Movie #139 of #180
Identifying Motion Correction for Movie #139 of #180
Applying Motion Correction for Movie #139 of #180
Writing Movie #139 of #180
200 frames written.
Writing Movie #139 of #180
200 frames written.
Writing Movie #139 of #180
200 frames written.

Loading Movie #140 of #180
200 frames of 1000 loaded.
400 frames of 1000 loaded.
600 frames of 1000 loaded.
800 frames of 1000 loaded.
1000 frames of 1000 loaded.
Line Shift Correcting Movie #140 of #180
Identifying Motion Correction for Movie #140 of #180
Applying Motion Correction for Movie #140 of #180
Writing Movie #140 of #180
200 frames written.
Writing Movie #140 of #180
200 frames written.
Writing Movie #140 of #180
200 frames written.

Loading Movie #141 of #180
200 frames of 1000 loaded.
400 frames of 1000 loaded.
600 frames of 1000 loaded.
800 frames of 1000 loaded.
1000 frames of 1000 loaded.
Line Shift Correcting Movie #141 of #180
Identifying Motion Correction for Movie #141 of #180
Applying Motion Correction for Movie #141 of #180
Writing Movie #141 of #180
200 frames written.
Writing Movie #141 of #180
200 frames written.
Writing Movie #141 of #180
200 frames written.

Loading Movie #142 of #180
200 frames of 1000 loaded.
400 frames of 1000 loaded.
600 frames of 1000 loaded.
800 frames of 1000 loaded.
1000 frames of 1000 loaded.
Line Shift Correcting Movie #142 of #180
Identifying Motion Correction for Movie #142 of #180
Applying Motion Correction for Movie #142 of #180
Writing Movie #142 of #180
200 frames written.
Writing Movie #142 of #180
200 frames written.
Writing Movie #142 of #180
200 frames written.

Loading Movie #143 of #180
200 frames of 1000 loaded.
400 frames of 1000 loaded.
600 frames of 1000 loaded.
800 frames of 1000 loaded.
1000 frames of 1000 loaded.
Line Shift Correcting Movie #143 of #180
Identifying Motion Correction for Movie #143 of #180
Applying Motion Correction for Movie #143 of #180
Writing Movie #143 of #180
200 frames written.
Writing Movie #143 of #180
200 frames written.
Writing Movie #143 of #180
200 frames written.

Loading Movie #144 of #180
200 frames of 1000 loaded.
400 frames of 1000 loaded.
600 frames of 1000 loaded.
800 frames of 1000 loaded.
1000 frames of 1000 loaded.
Line Shift Correcting Movie #144 of #180
Identifying Motion Correction for Movie #144 of #180
Applying Motion Correction for Movie #144 of #180
Writing Movie #144 of #180
200 frames written.
Writing Movie #144 of #180
200 frames written.
Writing Movie #144 of #180
200 frames written.

Loading Movie #145 of #180
200 frames of 1000 loaded.
400 frames of 1000 loaded.
600 frames of 1000 loaded.
800 frames of 1000 loaded.
1000 frames of 1000 loaded.
Line Shift Correcting Movie #145 of #180
Identifying Motion Correction for Movie #145 of #180
Applying Motion Correction for Movie #145 of #180
Writing Movie #145 of #180
200 frames written.
Writing Movie #145 of #180
200 frames written.
Writing Movie #145 of #180
200 frames written.

Loading Movie #146 of #180
200 frames of 1000 loaded.
400 frames of 1000 loaded.
600 frames of 1000 loaded.
800 frames of 1000 loaded.
1000 frames of 1000 loaded.
Line Shift Correcting Movie #146 of #180
Identifying Motion Correction for Movie #146 of #180
Applying Motion Correction for Movie #146 of #180
Writing Movie #146 of #180
200 frames written.
Writing Movie #146 of #180
200 frames written.
Writing Movie #146 of #180
200 frames written.

Loading Movie #147 of #180
200 frames of 1000 loaded.
400 frames of 1000 loaded.
600 frames of 1000 loaded.
800 frames of 1000 loaded.
1000 frames of 1000 loaded.
Line Shift Correcting Movie #147 of #180
Identifying Motion Correction for Movie #147 of #180
Applying Motion Correction for Movie #147 of #180
Writing Movie #147 of #180
200 frames written.
Writing Movie #147 of #180
200 frames written.
Writing Movie #147 of #180
200 frames written.

Loading Movie #148 of #180
200 frames of 1000 loaded.
400 frames of 1000 loaded.
600 frames of 1000 loaded.
800 frames of 1000 loaded.
1000 frames of 1000 loaded.
Line Shift Correcting Movie #148 of #180
Identifying Motion Correction for Movie #148 of #180
Applying Motion Correction for Movie #148 of #180
Writing Movie #148 of #180
200 frames written.
Writing Movie #148 of #180
200 frames written.
Writing Movie #148 of #180
200 frames written.

Loading Movie #149 of #180
200 frames of 1000 loaded.
400 frames of 1000 loaded.
600 frames of 1000 loaded.
800 frames of 1000 loaded.
1000 frames of 1000 loaded.
Line Shift Correcting Movie #149 of #180
Identifying Motion Correction for Movie #149 of #180
Applying Motion Correction for Movie #149 of #180
Writing Movie #149 of #180
200 frames written.
Writing Movie #149 of #180
200 frames written.
Writing Movie #149 of #180
200 frames written.

Loading Movie #150 of #180
200 frames of 1000 loaded.
400 frames of 1000 loaded.
600 frames of 1000 loaded.
800 frames of 1000 loaded.
1000 frames of 1000 loaded.
Line Shift Correcting Movie #150 of #180
Identifying Motion Correction for Movie #150 of #180
Applying Motion Correction for Movie #150 of #180
Writing Movie #150 of #180
200 frames written.
Writing Movie #150 of #180
200 frames written.
Writing Movie #150 of #180
200 frames written.

Loading Movie #151 of #180
200 frames of 1000 loaded.
400 frames of 1000 loaded.
600 frames of 1000 loaded.
800 frames of 1000 loaded.
1000 frames of 1000 loaded.
Line Shift Correcting Movie #151 of #180
Identifying Motion Correction for Movie #151 of #180
Applying Motion Correction for Movie #151 of #180
Writing Movie #151 of #180
200 frames written.
Writing Movie #151 of #180
200 frames written.
Writing Movie #151 of #180
200 frames written.

Loading Movie #152 of #180
200 frames of 1000 loaded.
400 frames of 1000 loaded.
600 frames of 1000 loaded.
800 frames of 1000 loaded.
1000 frames of 1000 loaded.
Line Shift Correcting Movie #152 of #180
Identifying Motion Correction for Movie #152 of #180
Applying Motion Correction for Movie #152 of #180
Writing Movie #152 of #180
200 frames written.
Writing Movie #152 of #180
200 frames written.
Writing Movie #152 of #180
200 frames written.

Loading Movie #153 of #180
200 frames of 1000 loaded.
400 frames of 1000 loaded.
600 frames of 1000 loaded.
800 frames of 1000 loaded.
1000 frames of 1000 loaded.
Line Shift Correcting Movie #153 of #180
Identifying Motion Correction for Movie #153 of #180
Applying Motion Correction for Movie #153 of #180
Writing Movie #153 of #180
200 frames written.
Writing Movie #153 of #180
200 frames written.
Writing Movie #153 of #180
200 frames written.

Loading Movie #154 of #180
200 frames of 1000 loaded.
400 frames of 1000 loaded.
600 frames of 1000 loaded.
800 frames of 1000 loaded.
1000 frames of 1000 loaded.
Line Shift Correcting Movie #154 of #180
Identifying Motion Correction for Movie #154 of #180
Applying Motion Correction for Movie #154 of #180
Writing Movie #154 of #180
200 frames written.
Writing Movie #154 of #180
200 frames written.
Writing Movie #154 of #180
200 frames written.

Loading Movie #155 of #180
200 frames of 1000 loaded.
400 frames of 1000 loaded.
600 frames of 1000 loaded.
800 frames of 1000 loaded.
1000 frames of 1000 loaded.
Line Shift Correcting Movie #155 of #180
Identifying Motion Correction for Movie #155 of #180
Applying Motion Correction for Movie #155 of #180
Writing Movie #155 of #180
200 frames written.
Writing Movie #155 of #180
200 frames written.
Writing Movie #155 of #180
200 frames written.

Loading Movie #156 of #180
200 frames of 1000 loaded.
400 frames of 1000 loaded.
600 frames of 1000 loaded.
800 frames of 1000 loaded.
1000 frames of 1000 loaded.
Line Shift Correcting Movie #156 of #180
Identifying Motion Correction for Movie #156 of #180
Applying Motion Correction for Movie #156 of #180
Writing Movie #156 of #180
200 frames written.
Writing Movie #156 of #180
200 frames written.
Writing Movie #156 of #180
200 frames written.

Loading Movie #157 of #180
200 frames of 1000 loaded.
400 frames of 1000 loaded.
600 frames of 1000 loaded.
800 frames of 1000 loaded.
1000 frames of 1000 loaded.
Line Shift Correcting Movie #157 of #180
Identifying Motion Correction for Movie #157 of #180
Applying Motion Correction for Movie #157 of #180
Writing Movie #157 of #180
200 frames written.
Writing Movie #157 of #180
200 frames written.
Writing Movie #157 of #180
200 frames written.

Loading Movie #158 of #180
200 frames of 1000 loaded.
400 frames of 1000 loaded.
600 frames of 1000 loaded.
800 frames of 1000 loaded.
1000 frames of 1000 loaded.
Line Shift Correcting Movie #158 of #180
Identifying Motion Correction for Movie #158 of #180
Applying Motion Correction for Movie #158 of #180
Writing Movie #158 of #180
200 frames written.
Writing Movie #158 of #180
200 frames written.
Writing Movie #158 of #180
200 frames written.

Loading Movie #159 of #180
200 frames of 1000 loaded.
400 frames of 1000 loaded.
600 frames of 1000 loaded.
800 frames of 1000 loaded.
1000 frames of 1000 loaded.
Line Shift Correcting Movie #159 of #180
Identifying Motion Correction for Movie #159 of #180
Applying Motion Correction for Movie #159 of #180
Writing Movie #159 of #180
200 frames written.
Writing Movie #159 of #180
200 frames written.
Writing Movie #159 of #180
200 frames written.

Loading Movie #160 of #180
200 frames of 1000 loaded.
400 frames of 1000 loaded.
600 frames of 1000 loaded.
800 frames of 1000 loaded.
1000 frames of 1000 loaded.
Line Shift Correcting Movie #160 of #180
Identifying Motion Correction for Movie #160 of #180
Applying Motion Correction for Movie #160 of #180
Writing Movie #160 of #180
200 frames written.
Writing Movie #160 of #180
200 frames written.
Writing Movie #160 of #180
200 frames written.

Loading Movie #161 of #180
200 frames of 1000 loaded.
400 frames of 1000 loaded.
600 frames of 1000 loaded.
800 frames of 1000 loaded.
1000 frames of 1000 loaded.
Line Shift Correcting Movie #161 of #180
Identifying Motion Correction for Movie #161 of #180
Applying Motion Correction for Movie #161 of #180
Writing Movie #161 of #180
200 frames written.
Writing Movie #161 of #180
200 frames written.
Writing Movie #161 of #180
200 frames written.

Loading Movie #162 of #180
200 frames of 1000 loaded.
400 frames of 1000 loaded.
600 frames of 1000 loaded.
800 frames of 1000 loaded.
1000 frames of 1000 loaded.
Line Shift Correcting Movie #162 of #180
Identifying Motion Correction for Movie #162 of #180
Applying Motion Correction for Movie #162 of #180
Writing Movie #162 of #180
200 frames written.
Writing Movie #162 of #180
200 frames written.
Writing Movie #162 of #180
200 frames written.

Loading Movie #163 of #180
200 frames of 1000 loaded.
400 frames of 1000 loaded.
600 frames of 1000 loaded.
800 frames of 1000 loaded.
1000 frames of 1000 loaded.
Line Shift Correcting Movie #163 of #180
Identifying Motion Correction for Movie #163 of #180
Applying Motion Correction for Movie #163 of #180
Writing Movie #163 of #180
200 frames written.
Writing Movie #163 of #180
200 frames written.
Writing Movie #163 of #180
200 frames written.

Loading Movie #164 of #180
200 frames of 1000 loaded.
400 frames of 1000 loaded.
600 frames of 1000 loaded.
800 frames of 1000 loaded.
1000 frames of 1000 loaded.
Line Shift Correcting Movie #164 of #180
Identifying Motion Correction for Movie #164 of #180
Applying Motion Correction for Movie #164 of #180
Writing Movie #164 of #180
200 frames written.
Writing Movie #164 of #180
200 frames written.
Writing Movie #164 of #180
200 frames written.

Loading Movie #165 of #180
200 frames of 1000 loaded.
400 frames of 1000 loaded.
600 frames of 1000 loaded.
800 frames of 1000 loaded.
1000 frames of 1000 loaded.
Line Shift Correcting Movie #165 of #180
Identifying Motion Correction for Movie #165 of #180
Applying Motion Correction for Movie #165 of #180
Writing Movie #165 of #180
200 frames written.
Writing Movie #165 of #180
200 frames written.
Writing Movie #165 of #180
200 frames written.

Loading Movie #166 of #180
200 frames of 1000 loaded.
400 frames of 1000 loaded.
600 frames of 1000 loaded.
800 frames of 1000 loaded.
1000 frames of 1000 loaded.
Line Shift Correcting Movie #166 of #180
Identifying Motion Correction for Movie #166 of #180
Applying Motion Correction for Movie #166 of #180
Writing Movie #166 of #180
200 frames written.
Writing Movie #166 of #180
200 frames written.
Writing Movie #166 of #180
200 frames written.

Loading Movie #167 of #180
200 frames of 1000 loaded.
400 frames of 1000 loaded.
600 frames of 1000 loaded.
800 frames of 1000 loaded.
1000 frames of 1000 loaded.
Line Shift Correcting Movie #167 of #180
Identifying Motion Correction for Movie #167 of #180
Applying Motion Correction for Movie #167 of #180
Writing Movie #167 of #180
200 frames written.
Writing Movie #167 of #180
200 frames written.
Writing Movie #167 of #180
200 frames written.

Loading Movie #168 of #180
200 frames of 1000 loaded.
400 frames of 1000 loaded.
600 frames of 1000 loaded.
800 frames of 1000 loaded.
1000 frames of 1000 loaded.
Line Shift Correcting Movie #168 of #180
Identifying Motion Correction for Movie #168 of #180
Applying Motion Correction for Movie #168 of #180
Writing Movie #168 of #180
200 frames written.
Writing Movie #168 of #180
200 frames written.
Writing Movie #168 of #180
200 frames written.

Loading Movie #169 of #180
200 frames of 1000 loaded.
400 frames of 1000 loaded.
600 frames of 1000 loaded.
800 frames of 1000 loaded.
1000 frames of 1000 loaded.
Line Shift Correcting Movie #169 of #180
Identifying Motion Correction for Movie #169 of #180
Applying Motion Correction for Movie #169 of #180
Writing Movie #169 of #180
200 frames written.
Writing Movie #169 of #180
200 frames written.
Writing Movie #169 of #180
200 frames written.

Loading Movie #170 of #180
200 frames of 1000 loaded.
400 frames of 1000 loaded.
600 frames of 1000 loaded.
800 frames of 1000 loaded.
1000 frames of 1000 loaded.
Line Shift Correcting Movie #170 of #180
Identifying Motion Correction for Movie #170 of #180
Applying Motion Correction for Movie #170 of #180
Writing Movie #170 of #180
200 frames written.
Writing Movie #170 of #180
200 frames written.
Writing Movie #170 of #180
200 frames written.

Loading Movie #171 of #180
200 frames of 1000 loaded.
400 frames of 1000 loaded.
600 frames of 1000 loaded.
800 frames of 1000 loaded.
1000 frames of 1000 loaded.
Line Shift Correcting Movie #171 of #180
Identifying Motion Correction for Movie #171 of #180
Applying Motion Correction for Movie #171 of #180
Writing Movie #171 of #180
200 frames written.
Writing Movie #171 of #180
200 frames written.
Writing Movie #171 of #180
200 frames written.

Loading Movie #172 of #180
200 frames of 1000 loaded.
400 frames of 1000 loaded.
600 frames of 1000 loaded.
800 frames of 1000 loaded.
1000 frames of 1000 loaded.
Line Shift Correcting Movie #172 of #180
Identifying Motion Correction for Movie #172 of #180
Applying Motion Correction for Movie #172 of #180
Writing Movie #172 of #180
200 frames written.
Writing Movie #172 of #180
200 frames written.
Writing Movie #172 of #180
200 frames written.

Loading Movie #173 of #180
200 frames of 1000 loaded.
400 frames of 1000 loaded.
600 frames of 1000 loaded.
800 frames of 1000 loaded.
1000 frames of 1000 loaded.
Line Shift Correcting Movie #173 of #180
Identifying Motion Correction for Movie #173 of #180
Applying Motion Correction for Movie #173 of #180
Writing Movie #173 of #180
200 frames written.
Writing Movie #173 of #180
200 frames written.
Writing Movie #173 of #180
200 frames written.

Loading Movie #174 of #180
200 frames of 1000 loaded.
400 frames of 1000 loaded.
600 frames of 1000 loaded.
800 frames of 1000 loaded.
1000 frames of 1000 loaded.
Line Shift Correcting Movie #174 of #180
Identifying Motion Correction for Movie #174 of #180
Applying Motion Correction for Movie #174 of #180
Writing Movie #174 of #180
200 frames written.
Writing Movie #174 of #180
200 frames written.
Writing Movie #174 of #180
200 frames written.

Loading Movie #175 of #180
200 frames of 1000 loaded.
400 frames of 1000 loaded.
600 frames of 1000 loaded.
800 frames of 1000 loaded.
1000 frames of 1000 loaded.
Line Shift Correcting Movie #175 of #180
Identifying Motion Correction for Movie #175 of #180
Applying Motion Correction for Movie #175 of #180
Writing Movie #175 of #180
200 frames written.
Writing Movie #175 of #180
200 frames written.
Writing Movie #175 of #180
200 frames written.

Loading Movie #176 of #180
200 frames of 1000 loaded.
400 frames of 1000 loaded.
600 frames of 1000 loaded.
800 frames of 1000 loaded.
1000 frames of 1000 loaded.
Line Shift Correcting Movie #176 of #180
Identifying Motion Correction for Movie #176 of #180
Applying Motion Correction for Movie #176 of #180
Writing Movie #176 of #180
200 frames written.
Writing Movie #176 of #180
200 frames written.
Writing Movie #176 of #180
200 frames written.

Loading Movie #177 of #180
200 frames of 1000 loaded.
400 frames of 1000 loaded.
600 frames of 1000 loaded.
800 frames of 1000 loaded.
1000 frames of 1000 loaded.
Line Shift Correcting Movie #177 of #180
Identifying Motion Correction for Movie #177 of #180
Applying Motion Correction for Movie #177 of #180
Writing Movie #177 of #180
200 frames written.
Writing Movie #177 of #180
200 frames written.
Writing Movie #177 of #180
200 frames written.

Loading Movie #178 of #180
200 frames of 1000 loaded.
400 frames of 1000 loaded.
600 frames of 1000 loaded.
800 frames of 1000 loaded.
1000 frames of 1000 loaded.
Line Shift Correcting Movie #178 of #180
Identifying Motion Correction for Movie #178 of #180
Applying Motion Correction for Movie #178 of #180
Writing Movie #178 of #180
200 frames written.
Writing Movie #178 of #180
200 frames written.
Writing Movie #178 of #180
200 frames written.

Loading Movie #179 of #180
200 frames of 1000 loaded.
400 frames of 1000 loaded.
600 frames of 1000 loaded.
800 frames of 1000 loaded.
1000 frames of 1000 loaded.
Line Shift Correcting Movie #179 of #180
Identifying Motion Correction for Movie #179 of #180
Applying Motion Correction for Movie #179 of #180
Writing Movie #179 of #180
200 frames written.
Writing Movie #179 of #180
200 frames written.
Writing Movie #179 of #180
200 frames written.

Loading Movie #180 of #180
200 frames of 1000 loaded.
400 frames of 1000 loaded.
600 frames of 1000 loaded.
800 frames of 1000 loaded.
1000 frames of 1000 loaded.
Line Shift Correcting Movie #180 of #180
Identifying Motion Correction for Movie #180 of #180
Applying Motion Correction for Movie #180 of #180
Writing Movie #180 of #180
200 frames written.
Writing Movie #180 of #180
200 frames written.
Writing Movie #180 of #180
200 frames written.
Motion Correction Completed!
160901 21:03:55	clarinet001-157	LT001_160825_FOV1_001	Saving updated Acq2P object.
200 frames of 1000 loaded.
400 frames of 1000 loaded.
600 frames of 1000 loaded.
800 frames of 1000 loaded.
1000 frames of 1000 loaded.
160901 21:04:02	clarinet001-157	LT001_160825_FOV1_001	Exectuion terminated. Moved file to error folder.
{Error using parseScanimageTiff (line 37)
Not enough input arguments.

Error in acq2pJobProcessor/processCurrentAcq (line 46)
[movStruct, nSlices, nChannels] = parseScanimageTiff(mov, scanImageMetadata);

Error in acq2pJobProcessor/run (line 21)
    ajp.processCurrentAcq;

Error in acq2pJobProcessor (line 39)
            ajp.run(shouldContinue);

Error in runMotionCorrectionOrchestra (line 17)
acq2pJobProcessor(jobsToDo, [], shouldContinue);


Error in orchestra_execution_engine_v2 (line 73)
procFun(jobIndex, inputDataFilePath, outputDataFilePath);
} 

------------------------------------------------------------
Sender: LSF System <lsfadmin@clarinet001-157.orchestra>
Subject: Job 299721: <runMotionCorrectionOrchestra> Done

Job <runMotionCorrectionOrchestra> was submitted from host <mezzanine.orchestra> by user <sk574> in cluster <hms_orchestra>.
Job was executed on host(s) <clarinet001-157.orchestra>, in queue <long>, as user <sk574> in cluster <hms_orchestra>.
</home/sk574> was used as the home directory.
</home/sk574/ShinCode> was used as the working directory.
Started at Thu Sep  1 15:24:52 2016
Results reported at Thu Sep  1 21:04:18 2016

Your job looked like:

------------------------------------------------------------
# LSBATCH: User input
/opt/matlab/bin/matlab -nodisplay -r orchestra_execution_engine_v2\($LSB_JOBID\)
------------------------------------------------------------

Successfully completed.

Resource usage summary:

    CPU time   :  54626.00 sec.
    Max Memory :      3883 MB
    Max Swap   :     30161 MB

    Max Processes  :        19
    Max Threads    :       262

The output (if any) is above this job summary.

